<?xml version="1.0" encoding="UTF-8"?>
<testsuite xmlns:xsi="http://www.w3.org/2001/XMLSchema-instance" xsi:noNamespaceSchemaLocation="https://maven.apache.org/surefire/maven-surefire-plugin/xsd/surefire-test-report-3.0.xsd" version="3.0" name="com.alkemy.educativo.smarttask.modelo.TareaNormalTest" time="0.011" tests="5" errors="0" skipped="0" failures="0">
  <properties>
[...]
</properties>
  <testcase name="obtenerResumenContieneDescripcion" classname="com.alkemy.educativo.smarttask.modelo.TareaNormalTest" time="0.003"/>
  <testcase name="obtenerResumenContienePrefijoNormal" classname="com.alkemy.educativo.smarttask.modelo.TareaNormalTest" time="0.001"/>
  <testcase name="debeTenerTipoNormal" classname="com.alkemy.educativo.smarttask.modelo.TareaNormalTest" time="0"/>
  <testcase name="tipoNormalNoEsUrgente" classname="com.alkemy.educativo.smarttask.modelo.TareaNormalTest" time="0.001"/>
  <testcase name="debeNacerConEstadoPendiente" classname="com.alkemy.educativo.smarttask.modelo.TareaNormalTest" time="0"/>
</testsuite>